2022-01-30 16:40:49,652:INFO:Initializing load_model()
2022-01-30 16:40:49,653:INFO:load_model(model_name=model, platform=None, authentication=None, verbose=True)
2022-01-30 16:41:00,001:INFO:Initializing load_model()
2022-01-30 16:41:00,001:INFO:load_model(model_name=model, platform=None, authentication=None, verbose=True)
2022-01-30 16:41:00,235:INFO:Initializing load_model()
2022-01-30 16:41:00,236:INFO:load_model(model_name=model, platform=None, authentication=None, verbose=True)
2022-01-30 16:41:03,488:INFO:Initializing load_model()
2022-01-30 16:41:03,490:INFO:load_model(model_name=model, platform=None, authentication=None, verbose=True)
2022-01-30 16:41:03,748:INFO:Initializing load_model()
2022-01-30 16:41:03,749:INFO:load_model(model_name=model, platform=None, authentication=None, verbose=True)
2022-01-30 16:41:08,566:INFO:Initializing load_model()
2022-01-30 16:41:08,566:INFO:load_model(model_name=model, platform=None, authentication=None, verbose=True)
2022-01-30 16:41:21,611:INFO:Initializing load_model()
2022-01-30 16:41:21,612:INFO:load_model(model_name=model, platform=None, authentication=None, verbose=True)
2022-01-30 16:41:24,697:INFO:Initializing load_model()
2022-01-30 16:41:24,697:INFO:load_model(model_name=model, platform=None, authentication=None, verbose=True)
2022-01-30 16:41:26,630:INFO:Initializing load_model()
2022-01-30 16:41:26,632:INFO:load_model(model_name=model, platform=None, authentication=None, verbose=True)
2022-01-30 16:41:26,765:INFO:Initializing predict_model()
2022-01-30 16:41:26,766:INFO:predict_model(estimator=Pipeline(steps=[('dtypes',
                 DataTypes_Auto_infer(ml_usecase='classification',
                                      numerical_features=['yearsAtCompany',
                                                          'averageMonthlyHours'],
                                      target='turnover')),
                ('imputer',
                 Simple_Imputer(categorical_strategy='not_available',
                                fill_value_categorical=None,
                                fill_value_numerical=None,
                                numeric_strategy='mean',
                                target_variable=None)),
                ('new_levels1',
                 New_Catagorical_...
                ('rem_outliers', 'passthrough'), ('cluster_all', 'passthrough'),
                ('dummy', Dummify(target='turnover')),
                ('fix_perfect', Remove_100(target='turnover')),
                ('clean_names', Clean_Colum_Names()),
                ('feature_select', 'passthrough'), ('fix_multi', 'passthrough'),
                ('dfs', 'passthrough'), ('pca', 'passthrough'),
                ['trained_model',
                 GradientBoostingClassifier(random_state=4964)]]), probability_threshold=None, encoded_labels=False, drift_report=False, raw_score=False, round=4, verbose=True, ml_usecase=MLUsecase.CLASSIFICATION, display=None)
2022-01-30 16:41:26,771:INFO:Checking exceptions
2022-01-30 16:41:26,772:INFO:Preloading libraries
2022-01-30 16:42:30,641:INFO:Initializing load_model()
2022-01-30 16:42:30,641:INFO:load_model(model_name=model, platform=None, authentication=None, verbose=True)
2022-01-30 16:42:44,536:INFO:Initializing load_model()
2022-01-30 16:42:44,537:INFO:load_model(model_name=model, platform=None, authentication=None, verbose=True)
2022-01-30 16:42:47,394:INFO:Initializing load_model()
2022-01-30 16:42:47,395:INFO:load_model(model_name=model, platform=None, authentication=None, verbose=True)
2022-01-30 16:42:47,489:INFO:Initializing predict_model()
2022-01-30 16:42:47,490:INFO:predict_model(estimator=Pipeline(steps=[('dtypes',
                 DataTypes_Auto_infer(ml_usecase='classification',
                                      numerical_features=['yearsAtCompany',
                                                          'averageMonthlyHours'],
                                      target='turnover')),
                ('imputer',
                 Simple_Imputer(categorical_strategy='not_available',
                                fill_value_categorical=None,
                                fill_value_numerical=None,
                                numeric_strategy='mean',
                                target_variable=None)),
                ('new_levels1',
                 New_Catagorical_...
                ('rem_outliers', 'passthrough'), ('cluster_all', 'passthrough'),
                ('dummy', Dummify(target='turnover')),
                ('fix_perfect', Remove_100(target='turnover')),
                ('clean_names', Clean_Colum_Names()),
                ('feature_select', 'passthrough'), ('fix_multi', 'passthrough'),
                ('dfs', 'passthrough'), ('pca', 'passthrough'),
                ['trained_model',
                 GradientBoostingClassifier(random_state=4964)]]), probability_threshold=None, encoded_labels=False, drift_report=False, raw_score=False, round=4, verbose=True, ml_usecase=MLUsecase.CLASSIFICATION, display=None)
2022-01-30 16:42:47,494:INFO:Checking exceptions
2022-01-30 16:42:47,494:INFO:Preloading libraries
2022-01-30 16:43:08,166:INFO:Initializing load_model()
2022-01-30 16:43:08,167:INFO:load_model(model_name=model, platform=None, authentication=None, verbose=True)
2022-01-30 16:43:08,407:INFO:Initializing load_model()
2022-01-30 16:43:08,408:INFO:load_model(model_name=model, platform=None, authentication=None, verbose=True)
2022-01-30 16:43:08,499:INFO:Initializing predict_model()
2022-01-30 16:43:08,500:INFO:predict_model(estimator=Pipeline(steps=[('dtypes',
                 DataTypes_Auto_infer(ml_usecase='classification',
                                      numerical_features=['yearsAtCompany',
                                                          'averageMonthlyHours'],
                                      target='turnover')),
                ('imputer',
                 Simple_Imputer(categorical_strategy='not_available',
                                fill_value_categorical=None,
                                fill_value_numerical=None,
                                numeric_strategy='mean',
                                target_variable=None)),
                ('new_levels1',
                 New_Catagorical_...
                ('rem_outliers', 'passthrough'), ('cluster_all', 'passthrough'),
                ('dummy', Dummify(target='turnover')),
                ('fix_perfect', Remove_100(target='turnover')),
                ('clean_names', Clean_Colum_Names()),
                ('feature_select', 'passthrough'), ('fix_multi', 'passthrough'),
                ('dfs', 'passthrough'), ('pca', 'passthrough'),
                ['trained_model',
                 GradientBoostingClassifier(random_state=4964)]]), probability_threshold=None, encoded_labels=False, drift_report=False, raw_score=False, round=4, verbose=True, ml_usecase=MLUsecase.CLASSIFICATION, display=None)
2022-01-30 16:43:08,503:INFO:Checking exceptions
2022-01-30 16:43:08,504:INFO:Preloading libraries
